<?xml version="1.0" encoding="utf-8"?>
<testsuites name="canned"><testsuite name="ok" tests="3" failures="0" errors="0" skipped="0">
<testcase classname="tests.test_app" name="test_one" time="0.001" />
<testcase classname="tests.test_app" name="test_two" time="0.001" />
<testcase classname="tests.test_app" name="test_three" time="0.001" />
</testsuite><testsuite name="broken" tests="0" failures="0" errors="1" skipped="0">
<error message="ImportError: no module named thing">collection error, not a failed test</error>
</testsuite></testsuites>
