<?xml version="1.0" encoding="utf-8"?><testsuites name="pytest tests"><testsuite name="pytest" errors="0" failures="0" skipped="0" tests="139" time="9.265" timestamp="2026-09-05T10:28:49.639033-04:00" hostname="Flobi"><testcase classname="tests.test_harness_junit.TestMint" name="test_a_green_report_mints_four_test_report_receipts_at_the_declared_rung" time="0.010" /><testcase classname="tests.test_harness_junit.TestMint" name="test_r1_and_r2_are_the_readers_counts_as_ascii" time="0.004" /><testcase classname="tests.test_harness_junit.TestMint" name="test_r4_is_the_readers_output_in_canonical_form_re_derivable_from_the_same_path" time="0.004" /><testcase classname="tests.test_harness_junit.TestMint" name="test_a_reserved_rung_is_a_value_error_not_a_manifest" time="0.002" /><testcase classname="tests.test_harness_junit.TestMint" name="test_a_missing_report_propagates_as_an_os_error" time="0.002" /><testcase classname="tests.test_harness_junit.TestVerifiesEndToEnd" name="test_in_process_every_span_holds_and_the_rung_count_agrees" time="0.008" /><testcase classname="tests.test_harness_junit.TestVerifiesEndToEnd" name="test_through_the_cli_the_receipt_prints_the_rung" time="0.024" /><testcase classname="tests.test_harness_junit.TestVerifiesEndToEnd" name="test_a_report_the_agent_wrote_is_malformed_end_to_end" time="0.005" /><testcase classname="tests.test_harness_junit.TestVerifiesEndToEnd" name="test_an_unparsed_report_withholds_r1_and_r2" time="0.004" /><testcase classname="tests.test_harness_junit.TestVerifiesEndToEnd" name="test_failures_and_harness_errors_are_kept_apart" time="0.004" /><testcase classname="tests.test_harness_junit.TestCLI" name="test_main_writes_an_lf_only_intact_manifest_and_returns_zero" time="0.011" /><testcase classname="tests.test_harness_junit.TestCLI" name="test_authored_files_enter_authored_sha256_through_the_cli" time="0.014" /><testcase classname="tests.test_harness_junit.TestCLI" name="test_l3_is_refused_by_argparse_with_exit_two" time="0.003" /><testcase classname="tests.test_harness_junit.TestCLI" name="test_a_missing_report_is_a_usage_error_exit_two_and_no_manifest" time="0.002" /><testcase classname="tests.test_harness_junit.TestCLI" name="test_the_cli_exits_zero_whatever_the_report_says" time="0.005" /><testcase classname="tests.test_harness_github.TestReceipts" name="test_a_same_repo_pull_request_at_l2_records_shas_event_name_and_payload" time="0.000" /><testcase classname="tests.test_harness_github.TestReceipts" name="test_the_payload_is_a_leaf_bearing_receipt" time="0.001" /><testcase classname="tests.test_harness_github.TestReceipts" name="test_a_push_event_reads_before_and_after" time="0.000" /><testcase classname="tests.test_harness_github.TestReceipts" name="test_a_diff_is_r1_with_the_callers_completeness" time="0.000" /><testcase classname="tests.test_harness_github.TestReceipts" name="test_absent_over_an_incomplete_diff_is_malformed_and_over_a_complete_one_holds" time="0.001" /><testcase classname="tests.test_harness_github.TestRefusals" name="test_l2_without_the_after_turn_declaration_is_refused" time="0.000" /><testcase classname="tests.test_harness_github.TestRefusals" name="test_l2_on_a_fork_pull_request_needs_the_base_pinned_declaration" time="0.000" /><testcase classname="tests.test_harness_github.TestRefusals" name="test_a_fork_pull_request_mints_at_l1_without_any_declaration" time="0.000" /><testcase classname="tests.test_harness_github.TestRefusals" name="test_a_missing_head_repository_is_unknown_and_treated_as_a_fork" time="0.001" /><testcase classname="tests.test_harness_github.TestRefusals" name="test_pull_request_target_from_a_fork_mints_l2_on_the_after_turn_declaration_alone" time="0.000" /><testcase classname="tests.test_harness_github.TestRefusals" name="test_an_unknown_event_name_and_a_reserved_rung_are_refused" time="0.000" /><testcase classname="tests.test_harness_github.TestRefusals" name="test_a_payload_without_shas_is_refused" time="0.000" /><testcase classname="tests.test_harness_github.TestPurity" name="test_the_module_reads_no_ambient_state_below_main" time="0.003" /><testcase classname="tests.test_harness_github.TestCLI" name="test_main_writes_an_lf_only_manifest" time="0.012" /><testcase classname="tests.test_harness_github.TestCLI" name="test_a_refused_declaration_is_exit_two_and_no_manifest" time="0.004" /><testcase classname="tests.test_harness_github.TestCLI" name="test_without_event_arguments_or_environment_it_is_a_usage_error" time="0.002" /><testcase classname="tests.test_harness_github.TestCLI" name="test_the_environment_supplies_the_defaults_only_at_the_command_line" time="0.011" /><testcase classname="tests.test_harness_claude_code.TestSessionId" name="test_an_unsafe_session_id_writes_nothing[../../evil]" time="0.002" /><testcase classname="tests.test_harness_claude_code.TestSessionId" name="test_an_unsafe_session_id_writes_nothing[CON]" time="0.002" /><testcase classname="tests.test_harness_claude_code.TestSessionId" name="test_an_unsafe_session_id_writes_nothing[nul.json]" time="0.002" /><testcase classname="tests.test_harness_claude_code.TestSessionId" name="test_an_unsafe_session_id_writes_nothing[]" time="0.002" /><testcase classname="tests.test_harness_claude_code.TestSessionId" name="test_an_unsafe_session_id_writes_nothing[None]" time="0.002" /><testcase classname="tests.test_harness_claude_code.TestSessionId" name="test_an_unsafe_session_id_writes_nothing[5]" time="0.002" /><testcase classname="tests.test_harness_claude_code.TestSessionId" name="test_an_unsafe_session_id_writes_nothing[a/b]" time="0.003" /><testcase classname="tests.test_harness_claude_code.TestSessionId" name="test_an_unsafe_session_id_writes_nothing[a\\b]" time="0.002" /><testcase classname="tests.test_harness_claude_code.TestSessionId" name="test_an_unsafe_session_id_writes_nothing[.hidden]" time="0.002" /><testcase classname="tests.test_harness_claude_code.TestSessionId" name="test_an_unsafe_session_id_writes_nothing[xxxxxxxxxxxxxxxxxxxxxxxxxxxxxxxxxxxxxxxxxxxxxxxxxxxxxxxxxxxxxxxxxxxxxxxxxxxxxxxxxxxxxxxxxxxxxxxxxxxxxxxxxxxxxxxxxxxxxxxxxxxxxxxxxxxxxxxxxxxxxxxxxxxxxxxxxxxxxxxxxxxxxxxxxxxxxxxxxxxxxxxxxxxxxxxxxxxxxxxx]" time="0.002" /><testcase classname="tests.test_harness_claude_code.TestSessionId" name="test_an_unsafe_session_id_writes_nothing[with space]" time="0.002" /><testcase classname="tests.test_harness_claude_code.TestSessionId" name="test_a_safe_session_id_is_a_path_component" time="0.000" /><testcase classname="tests.test_harness_claude_code.TestOutsideRule" name="test_a_manifest_directory_inside_the_workspace_is_refused" time="0.007" /><testcase classname="tests.test_harness_claude_code.TestOutsideRule" name="test_a_sibling_whose_name_extends_the_workspace_is_outside" time="0.005" /><testcase classname="tests.test_harness_claude_code.TestOutsideRule" name="test_a_directory_under_claude_project_dir_is_refused_while_cwd_is_a_worktree" time="0.007" /><testcase classname="tests.test_harness_claude_code.TestOutsideRule" name="test_a_payload_without_cwd_writes_nothing" time="0.002" /><testcase classname="tests.test_harness_claude_code.TestOutsideRule" name="test_a_directory_that_is_not_a_native_absolute_path_is_refused[\\\\?\\C:\\Users\\x\\manifests]" time="0.002" /><testcase classname="tests.test_harness_claude_code.TestOutsideRule" name="test_a_directory_that_is_not_a_native_absolute_path_is_refused[//?/C:/x]" time="0.002" /><testcase classname="tests.test_harness_claude_code.TestOutsideRule" name="test_a_directory_that_is_not_a_native_absolute_path_is_refused[relative/dir]" time="0.002" /><testcase classname="tests.test_harness_claude_code.TestOutsideRule" name="test_a_directory_that_is_not_a_native_absolute_path_is_refused[]" time="0.002" /><testcase classname="tests.test_harness_claude_code.TestOutsideRule" name="test_windows_a_case_variant_of_the_workspace_is_still_inside" time="0.003" /><testcase classname="tests.test_harness_claude_code.TestOutsideRule" name="test_windows_a_drive_less_msys_spelling_is_refused" time="0.002" /><testcase classname="tests.test_harness_claude_code.TestOutsideRule" name="test_windows_forward_slash_spelling_of_the_workspace_is_inside" time="0.003" /><testcase classname="tests.test_harness_claude_code.TestOutsideRule" name="test_default_dir_reads_only_the_mapping_it_is_handed" time="0.000" /><testcase classname="tests.test_harness_claude_code.TestBash" name="test_stdout_is_a_complete_tool_stdout_receipt_noted_with_the_command" time="0.011" /><testcase classname="tests.test_harness_claude_code.TestBash" name="test_non_empty_stderr_is_a_second_receipt" time="0.012" /><testcase classname="tests.test_harness_claude_code.TestBash" name="test_an_interrupted_response_is_incomplete" time="0.012" /><testcase classname="tests.test_harness_claude_code.TestBash" name="test_a_truncation_marker_or_a_spill_stub_is_incomplete_and_not_followed[a\nb\n... [12 lines truncated]\n]" time="0.010" /><testcase classname="tests.test_harness_claude_code.TestBash" name="test_a_truncation_marker_or_a_spill_stub_is_incomplete_and_not_followed[x ... [4000 characters truncated]]" time="0.011" /><testcase classname="tests.test_harness_claude_code.TestBash" name="test_a_truncation_marker_or_a_spill_stub_is_incomplete_and_not_followed[&lt;persisted-output&gt;\nOutput too large. Saved to: /tmp/x.txt\n&lt;/persisted-output&gt;]" time="0.013" /><testcase classname="tests.test_harness_claude_code.TestBash" name="test_a_string_response_is_taken_whole" time="0.012" /><testcase classname="tests.test_harness_claude_code.TestBash" name="test_a_shape_neither_source_showed_is_serialised_whole_with_a_note" time="0.013" /><testcase classname="tests.test_harness_claude_code.TestRead" name="test_a_whole_file_read_is_a_complete_file_read_receipt" time="0.010" /><testcase classname="tests.test_harness_claude_code.TestRead" name="test_a_window_is_incomplete" time="0.041" /><testcase classname="tests.test_harness_claude_code.TestRead" name="test_a_zero_based_whole_window_is_complete" time="0.010" /><testcase classname="tests.test_harness_claude_code.TestRead" name="test_the_documented_shape_is_read_too" time="0.011" /><testcase classname="tests.test_harness_claude_code.TestRead" name="test_an_image_mints_nothing" time="0.003" /><testcase classname="tests.test_harness_claude_code.TestWebFetch" name="test_a_fetch_is_never_complete[resp0]" time="0.011" /><testcase classname="tests.test_harness_claude_code.TestWebFetch" name="test_a_fetch_is_never_complete[resp1]" time="0.014" /><testcase classname="tests.test_harness_claude_code.TestWebFetch" name="test_a_fetch_is_never_complete[rendered]" time="0.016" /><testcase classname="tests.test_harness_claude_code.TestWriteAndEdit" name="test_write_records_the_content_and_the_file_on_disk_and_mints_nothing" time="0.014" /><testcase classname="tests.test_harness_claude_code.TestWriteAndEdit" name="test_edit_records_new_string_the_reconstruction_and_the_disk" time="0.014" /><testcase classname="tests.test_harness_claude_code.TestWriteAndEdit" name="test_edit_honours_replace_all" time="0.012" /><testcase classname="tests.test_harness_claude_code.TestWriteAndEdit" name="test_a_failed_write_or_edit_records_nothing" time="0.004" /><testcase classname="tests.test_harness_claude_code.TestWriteAndEdit" name="test_other_tools_stage_nothing[Grep]" time="0.003" /><testcase classname="tests.test_harness_claude_code.TestWriteAndEdit" name="test_other_tools_stage_nothing[Glob]" time="0.003" /><testcase classname="tests.test_harness_claude_code.TestWriteAndEdit" name="test_other_tools_stage_nothing[Task]" time="0.003" /><testcase classname="tests.test_harness_claude_code.TestWriteAndEdit" name="test_other_tools_stage_nothing[TodoWrite]" time="0.003" /><testcase classname="tests.test_harness_claude_code.TestWriteAndEdit" name="test_other_tools_stage_nothing[MultiEdit]" time="0.003" /><testcase classname="tests.test_harness_claude_code.TestWriteAndEdit" name="test_other_tools_stage_nothing[NotebookEdit]" time="0.004" /><testcase classname="tests.test_harness_claude_code.TestWriteAndEdit" name="test_other_tools_stage_nothing[mcp__x__y]" time="0.004" /><testcase classname="tests.test_harness_claude_code.TestCap" name="test_a_receipt_over_the_cap_is_staged_hash_only_and_folded_hash_only" time="0.020" /><testcase classname="tests.test_harness_claude_code.TestFinalise" name="test_the_manifest_is_l1_with_the_blindness_and_the_weakness_printed" time="0.021" /><testcase classname="tests.test_harness_claude_code.TestFinalise" name="test_a_file_the_agent_wrote_and_then_read_is_malformed_end_to_end" time="0.031" /><testcase classname="tests.test_harness_claude_code.TestFinalise" name="test_a_shell_written_file_read_later_is_accepted_the_documented_blindness" time="0.029" /><testcase classname="tests.test_harness_claude_code.TestFinalise" name="test_two_folds_of_the_same_events_are_byte_identical" time="0.031" /><testcase classname="tests.test_harness_claude_code.TestFinalise" name="test_ids_follow_capture_order_then_tool_use_id" time="0.016" /><testcase classname="tests.test_harness_claude_code.TestFinalise" name="test_parallel_staging_loses_nothing" time="0.175" /><testcase classname="tests.test_harness_claude_code.TestFinalise" name="test_notes_carry_tool_prompt_and_agent_ids" time="0.020" /><testcase classname="tests.test_harness_claude_code.TestFinalise" name="test_the_last_assistant_message_enters_authored" time="0.020" /><testcase classname="tests.test_harness_claude_code.TestFinalise" name="test_an_unreadable_staged_file_is_a_reported_gap_not_a_crash" time="0.020" /><testcase classname="tests.test_harness_claude_code.TestFinalise" name="test_a_session_with_no_events_still_writes_an_empty_manifest" time="0.011" /><testcase classname="tests.test_harness_claude_code.TestMain" name="test_main_returns_zero_for_every_payload[]" time="0.002" /><testcase classname="tests.test_harness_claude_code.TestMain" name="test_main_returns_zero_for_every_payload[not json]" time="0.002" /><testcase classname="tests.test_harness_claude_code.TestMain" name="test_main_returns_zero_for_every_payload[[1, 2]]" time="0.002" /><testcase classname="tests.test_harness_claude_code.TestMain" name="test_main_returns_zero_for_every_payload[{}]" time="0.002" /><testcase classname="tests.test_harness_claude_code.TestMain" name="test_main_returns_zero_for_every_payload[\xff\xfe]" time="0.002" /><testcase classname="tests.test_harness_claude_code.TestMain" name="test_main_returns_zero_for_every_payload[{&quot;session_id&quot;: &quot;../x&quot;, &quot;cwd&quot;: &quot;/w&quot;, &quot;tool_name&quot;: &quot;Bash&quot;}]" time="0.002" /><testcase classname="tests.test_harness_claude_code.TestMain" name="test_main_returns_zero_for_every_payload[{&quot;session_id&quot;: &quot;s&quot;, &quot;cwd&quot;: &quot;/w&quot;, &quot;tool_name&quot;: 5}]" time="0.003" /><testcase classname="tests.test_harness_claude_code.TestMain" name="test_main_returns_zero_for_every_payload[{&quot;session_id&quot;: &quot;s&quot;, &quot;cwd&quot;: null, &quot;tool_name&quot;: &quot;Bash&quot;, &quot;tool_input&quot;: null, &quot;tool_response&quot;: null}]" time="0.003" /><testcase classname="tests.test_harness_claude_code.TestMain" name="test_post_tool_stages_and_stop_folds_with_nothing_on_stdout" time="0.015" /><testcase classname="tests.test_harness_claude_code.TestMain" name="test_claude_project_dir_is_a_second_root" time="0.004" /><testcase classname="tests.test_harness_claude_code.TestMain" name="test_the_environment_names_the_directory_when_dir_is_absent" time="0.006" /><testcase classname="tests.test_harness_claude_code.TestMain" name="test_only_main_reads_stdin_or_the_environment" time="0.006" /><testcase classname="tests.test_harness_claude_code.TestMain" name="test_the_module_imports_nothing_from_styxx_at_module_scope" time="0.003" /><testcase classname="tests.test_harness_claude_code.TestReadme" name="test_the_opening_paragraph_says_this_is_the_weak_rung_and_why" time="0.000" /><testcase classname="tests.test_harness_claude_code.TestReadme" name="test_the_settings_block_parses_and_matches_the_five_tools" time="0.001" /><testcase classname="tests.test_harness_claude_code.TestReadme" name="test_this_repository_enables_no_hook_of_its_own" time="0.000" /><testcase classname="tests.test_harness_purity_boundary" name="test_no_verifier_imports_the_harness_package[sworn.py]" time="0.024" /><testcase classname="tests.test_harness_purity_boundary" name="test_no_verifier_imports_the_harness_package[evidence.py]" time="0.016" /><testcase classname="tests.test_harness_purity_boundary" name="test_no_verifier_imports_the_harness_package[__init__.py]" time="0.004" /><testcase classname="tests.test_harness_purity_boundary" name="test_a_fresh_interpreter_that_imports_the_verifiers_never_loads_the_harness" time="0.580" /><testcase classname="tests.test_harness_purity_boundary" name="test_an_adapter_imports_from_styxx_only_the_verifiers_the_reader_and_the_canonicaliser[__init__.py]" time="0.001" /><testcase classname="tests.test_harness_purity_boundary" name="test_an_adapter_imports_from_styxx_only_the_verifiers_the_reader_and_the_canonicaliser[__main__.py]" time="0.001" /><testcase classname="tests.test_harness_purity_boundary" name="test_an_adapter_imports_from_styxx_only_the_verifiers_the_reader_and_the_canonicaliser[claude_code.py]" time="0.004" /><testcase classname="tests.test_harness_purity_boundary" name="test_an_adapter_imports_from_styxx_only_the_verifiers_the_reader_and_the_canonicaliser[github.py]" time="0.002" /><testcase classname="tests.test_harness_purity_boundary" name="test_an_adapter_imports_from_styxx_only_the_verifiers_the_reader_and_the_canonicaliser[junit.py]" time="0.001" /><testcase classname="tests.test_harness_purity_boundary" name="test_the_post_tool_entry_script_imports_nothing_from_styxx" time="0.001" /><testcase classname="tests.test_harness_purity_boundary" name="test_the_pure_adapters_reference_no_ambient_module_below_main[junit.py]" time="0.001" /><testcase classname="tests.test_harness_purity_boundary" name="test_the_pure_adapters_reference_no_ambient_module_below_main[github.py]" time="0.002" /><testcase classname="tests.test_harness_purity_boundary" name="test_the_claude_code_adapter_imports_styxx_only_inside_finalise" time="0.006" /><testcase classname="tests.test_harness_purity_boundary" name="test_pyproject_ships_the_package" time="0.001" /><testcase classname="tests.test_harness_purity_boundary" name="test_the_package_is_importable_and_names_its_three_adapters" time="0.000" /><testcase classname="tests.test_harness_purity_boundary" name="test_the_word_law_holds_over_every_new_file[__init__.py]" time="0.001" /><testcase classname="tests.test_harness_purity_boundary" name="test_the_word_law_holds_over_every_new_file[__main__.py]" time="0.001" /><testcase classname="tests.test_harness_purity_boundary" name="test_the_word_law_holds_over_every_new_file[claude_code.py]" time="0.001" /><testcase classname="tests.test_harness_purity_boundary" name="test_the_word_law_holds_over_every_new_file[github.py]" time="0.001" /><testcase classname="tests.test_harness_purity_boundary" name="test_the_word_law_holds_over_every_new_file[junit.py]" time="0.001" /><testcase classname="tests.test_harness_purity_boundary" name="test_the_word_law_holds_over_every_new_file[post-tool.py]" time="0.000" /><testcase classname="tests.test_harness_purity_boundary" name="test_the_word_law_holds_over_every_new_file[stop.py]" time="0.000" /><testcase classname="tests.test_harness_purity_boundary" name="test_the_word_law_holds_over_every_new_file[README.md]" time="0.001" /><testcase classname="tests.test_harness_purity_boundary" name="test_every_new_python_file_compiles_on_the_floor_syntax" time="0.010" /><testcase classname="tests.test_harness_cli" name="test_junit_mints_and_refuses_the_reserved_rung" time="1.224" /><testcase classname="tests.test_harness_cli" name="test_github_mints" time="0.593" /><testcase classname="tests.test_harness_cli" name="test_claude_code_post_tool_then_stop_through_the_package" time="1.177" /><testcase classname="tests.test_harness_cli" name="test_the_thin_scripts_exit_zero_on_everything_and_the_post_tool_path_never_imports_styxx" time="2.894" /><testcase classname="tests.test_harness_cli" name="test_the_dispatcher_refuses_an_unknown_adapter_with_exit_two" time="1.174" /></testsuite></testsuites>