<?xml version="1.0" encoding="utf-8"?><testsuites name="pytest tests"><testsuite name="pytest" errors="0" failures="0" skipped="0" tests="35" time="39.786" timestamp="2026-09-05T15:49:02.666744-04:00" hostname="Flobi"><testcase classname="tests.test_sworn_action.TestVerdictsAreRowsAndExitIsZero" name="test_held_failed_and_unresolved_documents_each_get_a_row_and_exit_zero" time="1.577" /><testcase classname="tests.test_sworn_action.TestVerdictsAreRowsAndExitIsZero" name="test_a_failing_command_and_a_timing_out_command_exit_zero" time="10.165" /><testcase classname="tests.test_sworn_action.TestVerdictsAreRowsAndExitIsZero" name="test_an_empty_command_is_a_usage_error_exit_two" time="0.400" /><testcase classname="tests.test_sworn_action.TestVerdictsAreRowsAndExitIsZero" name="test_github_output_carries_the_outputs" time="1.241" /><testcase classname="tests.test_sworn_action.TestTheComposedManifest" name="test_the_composed_manifest_is_the_adapters_entries_with_only_the_id_changed" time="1.390" /><testcase classname="tests.test_sworn_action.TestTheComposedManifest" name="test_no_report_leaves_r1_to_r4_absent_and_r5_to_r9_in_place" time="1.287" /><testcase classname="tests.test_sworn_action.TestTheComposedManifest" name="test_an_unparseable_report_keeps_r3_and_r4" time="1.332" /><testcase classname="tests.test_sworn_action.TestTheComposedManifest" name="test_a_laundered_report_reads_malformed_receipt_author_minted" time="1.321" /><testcase classname="tests.test_sworn_action.TestTheComposedManifest" name="test_the_report_path_enters_r4_as_given" time="1.289" /><testcase classname="tests.test_sworn_action.TestTheRung" name="test_a_fork_pull_request_mints_l1_and_prints_the_fork_rule" time="1.297" /><testcase classname="tests.test_sworn_action.TestTheRung" name="test_a_head_repository_absent_from_the_payload_is_treated_as_a_fork" time="1.266" /><testcase classname="tests.test_sworn_action.TestTheRung" name="test_a_fork_with_base_pinned_workflow_declared_mints_l2_as_the_adapter_accepts" time="1.266" /><testcase classname="tests.test_sworn_action.TestTheRung" name="test_l2_without_after_turn_on_base_mints_l1_with_the_reason" time="1.243" /><testcase classname="tests.test_sworn_action.TestTheRung" name="test_l1_declared_is_l1_with_no_reason" time="1.256" /><testcase classname="tests.test_sworn_action.TestTheRung" name="test_a_rung_outside_the_ladder_is_lowered_never_raised" time="1.258" /><testcase classname="tests.test_sworn_action.TestEventsAndCheckouts" name="test_a_push_event_uses_after_and_before" time="1.220" /><testcase classname="tests.test_sworn_action.TestEventsAndCheckouts" name="test_other_events_do_not_run_and_exit_zero[pull_request_target]" time="0.385" /><testcase classname="tests.test_sworn_action.TestEventsAndCheckouts" name="test_other_events_do_not_run_and_exit_zero[workflow_dispatch]" time="0.423" /><testcase classname="tests.test_sworn_action.TestEventsAndCheckouts" name="test_other_events_do_not_run_and_exit_zero[]" time="0.420" /><testcase classname="tests.test_sworn_action.TestEventsAndCheckouts" name="test_a_missing_head_commit_does_not_run" time="0.465" /><testcase classname="tests.test_sworn_action.TestEventsAndCheckouts" name="test_a_payload_the_adapter_cannot_read_does_not_run" time="0.426" /><testcase classname="tests.test_sworn_action.TestEventsAndCheckouts" name="test_a_shallow_checkout_verifies_the_body_only_and_says_so" time="0.671" /><testcase classname="tests.test_sworn_action.TestTheDocuments" name="test_the_body_is_verified_as_submitted_with_its_line_endings" time="1.351" /><testcase classname="tests.test_sworn_action.TestTheDocuments" name="test_a_sidecar_and_an_untagged_markdown_are_skipped_and_named" time="1.275" /><testcase classname="tests.test_sworn_action.TestTheDocuments" name="test_a_command_that_rewrites_a_document_on_disk_changes_no_verdict" time="1.252" /><testcase classname="tests.test_sworn_action.TestTheDocuments" name="test_a_path_with_spaces_and_quotes_is_verified" time="1.505" /><testcase classname="tests.test_sworn_action.TestOutputsAndSource" name="test_every_output_is_lf_only" time="1.329" /><testcase classname="tests.test_sworn_action.TestOutputsAndSource" name="test_the_source_carries_no_error_annotation_and_no_network_import" time="0.008" /><testcase classname="tests.test_sworn_action.TestOutputsAndSource" name="test_nothing_under_styxx_imports_the_action" time="0.046" /><testcase classname="tests.test_sworn_action.TestOutputsAndSource" name="test_action_yml_has_no_gate_input_and_passes_inputs_through_env" time="0.001" /><testcase classname="tests.test_sworn_action.TestOutputsAndSource" name="test_the_readme_opens_with_the_two_sentences_and_carries_the_layout" time="0.001" /><testcase classname="tests.test_sworn_action.TestOutputsAndSource" name="test_the_example_workflow_checks_out_the_head_with_full_history" time="0.001" /><testcase classname="tests.test_sworn_action.TestOutputsAndSource" name="test_the_root_action_is_untouched_by_this_leg" time="0.001" /><testcase classname="tests.test_sworn_action.TestTheCommittedSample" name="test_the_committed_sample_reproduces" time="1.271" /><testcase classname="tests.test_sworn_action.TestTheCommittedSample" name="test_the_sample_refuses_to_overwrite_itself" time="0.003" /></testsuite></testsuites>